  Genetic_Algorithm.cpp
c:\users\laura su\source\repos\genetics\genetics\genetic_algorithm.cpp(35): warning C4244: '=': conversion from '_Ty' to 'int', possible loss of data
          with
          [
              _Ty=double
          ]
c:\users\laura su\source\repos\genetics\genetics\genetic_algorithm.cpp(38): warning C4244: '=': conversion from '_Ty' to 'int', possible loss of data
          with
          [
              _Ty=double
          ]
c:\users\laura su\source\repos\genetics\genetics\genetic_algorithm.cpp(51): warning C4244: '+=': conversion from '_Ty' to 'int', possible loss of data
          with
          [
              _Ty=double
          ]
c:\users\laura su\source\repos\genetics\genetics\genetic_algorithm.cpp(8): warning C4101: 'num1': unreferenced local variable
c:\users\laura su\source\repos\genetics\genetics\genetic_algorithm.cpp(8): warning C4101: 'num0': unreferenced local variable
  Generating code
  2 of 444 functions ( 0.5%) were compiled, the rest were copied from previous compilation.
    0 functions were new in current compilation
    1 functions had inline decision re-evaluated but remain unchanged
  Finished generating code
  Genetics.vcxproj -> C:\Users\Laura Su\source\repos\Genetics\Release\Genetics.exe
